d:\documents\proje\casıo\debug\vc141.pdb
d:\documents\proje\casıo\debug\vc141.ıdb
d:\documents\proje\casıo\debug\wınthread.obj
d:\documents\proje\casıo\debug\wınbgı.obj
d:\documents\proje\casıo\debug\text.obj
d:\documents\proje\casıo\debug\maın.obj
d:\documents\proje\casıo\debug\palette.obj
d:\documents\proje\casıo\debug\mouse.obj
d:\documents\proje\casıo\debug\mısc.obj
d:\documents\proje\casıo\debug\gosterge.obj
d:\documents\proje\casıo\debug\fıle.obj
d:\documents\proje\casıo\debug\drawıng.obj
d:\documents\proje\casıo\debug\dıbutıl.obj
d:\documents\proje\casıo\debug\bgıout.obj
d:\documents\proje\casıo\debug\clock.obj
d:\documents\proje\casıo\debug\bgı.exe
d:\documents\proje\casıo\debug\bgı.ılk
d:\documents\proje\casıo\debug\bgı.pdb
d:\documents\proje\casio\debug\bgiout.obj
d:\documents\proje\casio\debug\clock.obj
d:\documents\proje\casio\debug\dibutil.obj
d:\documents\proje\casio\debug\drawing.obj
d:\documents\proje\casio\debug\file.obj
d:\documents\proje\casio\debug\gosterge.obj
d:\documents\proje\casio\debug\main.obj
d:\documents\proje\casio\debug\misc.obj
d:\documents\proje\casio\debug\mouse.obj
d:\documents\proje\casio\debug\palette.obj
d:\documents\proje\casio\debug\text.obj
d:\documents\proje\casio\debug\winbgi.obj
d:\documents\proje\casio\debug\winthread.obj
d:\documents\proje\casio\debug\bgi.ilk
d:\documents\proje\casio\debug\vc120.idb
d:\documents\proje\casio\debug\vc141.idb
d:\documents\proje\casio\debug\bgi.pdb
d:\documents\proje\casio\debug\vc120.pdb
d:\documents\proje\casio\debug\vc141.pdb
d:\documents\proje\casio\debug\bgi.exe
d:\documents\proje\casio\debug\bgi.tlog\cl.command.1.tlog
d:\documents\proje\casio\debug\bgi.tlog\cl.read.1.tlog
d:\documents\proje\casio\debug\bgi.tlog\cl.write.1.tlog
d:\documents\proje\casio\debug\bgi.tlog\link.command.1.tlog
d:\documents\proje\casio\debug\bgi.tlog\link.delete.1.tlog
d:\documents\proje\casio\debug\bgi.tlog\link.read.1.tlog
d:\documents\proje\casio\debug\bgi.tlog\link.write.1.tlog
